Added Component: Designator=C1(0805_Res)
Added Component: Designator=C2(0805_Res)
Added Component: Designator=C3(C型钽电容_6032_28)
Added Component: Designator=C4(0805_Res)
Added Component: Designator=C5(0805_Res)
Added Component: Designator=C6(D型钽电容_7343_31)
Added Component: Designator=C7(D型钽电容_7343_31)
Added Component: Designator=C8(C型钽电容_6032_28)
Added Component: Designator=C9(0805_Res)
Added Component: Designator=C10(0805_Res)
Added Component: Designator=C11(B型钽电容_3528_21)
Added Component: Designator=C12(B型钽电容_3528_21)
Added Component: Designator=C13(B型钽电容_3528_21)
Added Component: Designator=C14(0805_Res)
Added Component: Designator=C15(0805_Res)
Added Component: Designator=C16(B型钽电容_3528_21)
Added Component: Designator=C17(0805_RES)
Added Component: Designator=D1(0805_Dio)
Added Component: Designator=D2(0805_Dio)
Added Component: Designator=D3(0805_Dio)
Added Component: Designator=D4(0805_Dio)
Added Component: Designator=D5(0805_Dio)
Added Component: Designator=D6(0805_Dio)
Added Component: Designator=D7(0805_Dio)
Added Component: Designator=D8(0805_Dio)
Added Component: Designator=D9(SS34_3D)
Added Component: Designator=H1(铜柱孔3)
Added Component: Designator=H2(铜柱孔3)
Added Component: Designator=H3(铜柱孔3)
Added Component: Designator=H4(铜柱孔3)
Added Component: Designator=J1(单面焊盘2*3MM_1PIN)
Added Component: Designator=J2(单面焊盘2*3MM_1PIN)
Added Component: Designator=J3(HDR1X3)
Added Component: Designator=J4(B0505S-2W)
Added Component: Designator=J5(HDR1X6)
Added Component: Designator=J6(HDR2X6)
Added Component: Designator=J7(HDR2X6)
Added Component: Designator=J8(HDR2X3)
Added Component: Designator=J9(HDR1X4)
Added Component: Designator=J10(HDR2X10)
Added Component: Designator=J11(HDR2X11)
Added Component: Designator=J12(HDR2X11)
Added Component: Designator=J13(2PIN杜邦插座_1.27mm)
Added Component: Designator=J14(HDR2X4)
Added Component: Designator=J15(HDR1X3)
Added Component: Designator=J16(HDR1X5)
Added Component: Designator=J17(2PIN杜邦插座_1.27mm)
Added Component: Designator=L1(CDRH3D16_4.2*1.8)
Added Component: Designator=L2(0603_Res)
Added Component: Designator=LM1(SOT-223)
Added Component: Designator=LS1(蜂鸣器侧装)
Added Component: Designator=Q1(TO-92A)
Added Component: Designator=R1(0805_Res)
Added Component: Designator=R2(0805_Res)
Added Component: Designator=R3(0805_Res)
Added Component: Designator=R4(0805_Res)
Added Component: Designator=R5(0805_Res)
Added Component: Designator=R6(0805_Res)
Added Component: Designator=R7(0805_Res)
Added Component: Designator=R8(0805_Res)
Added Component: Designator=R9(0805_Res)
Added Component: Designator=R10(0805_Res)
Added Component: Designator=R11(0805_Res)
Added Component: Designator=R12(0603_Res)
Added Component: Designator=R13(0603_Res)
Added Component: Designator=R14(0603_Res)
Added Component: Designator=R15(0603_Res)
Added Component: Designator=R16(0603_Res)
Added Component: Designator=R17(0603_Res)
Added Component: Designator=R18(0805_Res)
Added Component: Designator=R19(0805_Res)
Added Component: Designator=R20(0603_Res)
Added Component: Designator=R21(0805_Res)
Added Component: Designator=R22(0603_Res)
Added Component: Designator=R23(0603_Res)
Added Component: Designator=R24(0805_Res)
Added Component: Designator=R25(0603_Res)
Added Component: Designator=R26(0805_Res)
Added Component: Designator=R27(0805_Res)
Added Component: Designator=R28(0805_Res)
Added Component: Designator=R29(0805_Res)
Added Component: Designator=R30(0603_Res)
Added Component: Designator=R31(0805_Res)
Added Component: Designator=S1(开关)
Added Component: Designator=S2(4路拨码开关)
Added Component: Designator=S3(开关)
Added Component: Designator=U1(SOT23_5-LEADS)
Added Component: Designator=U2(SOP_8(OPA))
Added Component: Designator=U3(SOP_8(OPA))
Added Component: Designator=U4(TO_263_5(10.5*8.4mm))
Added Component: Designator=U6(SOP_8(OPA))
Added Component: Designator=U7(SOP_8(OPA))
Added Pin To Net: NetName=A1 Pin=J11-7
Added Net: Name=A1
Added Pin To Net: NetName=ADB2 Pin=J6-9
Added Pin To Net: NetName=ADB2 Pin=J6-10
Added Pin To Net: NetName=ADB2 Pin=J10-5
Added Net: Name=ADB2
Added Pin To Net: NetName=ADE20 Pin=J6-1
Added Pin To Net: NetName=ADE20 Pin=J6-2
Added Pin To Net: NetName=ADE20 Pin=J11-3
Added Net: Name=ADE20
Added Pin To Net: NetName=ADE21 Pin=J6-3
Added Pin To Net: NetName=ADE21 Pin=J6-4
Added Pin To Net: NetName=ADE21 Pin=J11-4
Added Net: Name=ADE21
Added Pin To Net: NetName=ADE22 Pin=J6-5
Added Pin To Net: NetName=ADE22 Pin=J6-6
Added Pin To Net: NetName=ADE22 Pin=J11-1
Added Net: Name=ADE22
Added Pin To Net: NetName=ADE23 Pin=J6-7
Added Pin To Net: NetName=ADE23 Pin=J6-8
Added Pin To Net: NetName=ADE23 Pin=J11-2
Added Net: Name=ADE23
Added Pin To Net: NetName=ADE29 Pin=J11-6
Added Net: Name=ADE29
Added Pin To Net: NetName=ADE30 Pin=J6-11
Added Pin To Net: NetName=ADE30 Pin=J6-12
Added Pin To Net: NetName=ADE30 Pin=J11-5
Added Net: Name=ADE30
Added Pin To Net: NetName=AGND Pin=J7-5
Added Pin To Net: NetName=AGND Pin=J7-6
Added Pin To Net: NetName=AGND Pin=J7-7
Added Pin To Net: NetName=AGND Pin=J7-8
Added Pin To Net: NetName=AGND Pin=J11-12
Added Pin To Net: NetName=AGND Pin=L2-1
Added Net: Name=AGND
Added Pin To Net: NetName=B16 Pin=J10-11
Added Pin To Net: NetName=B16 Pin=J14-4
Added Pin To Net: NetName=B16 Pin=R29-2
Added Net: Name=B16
Added Pin To Net: NetName=B17 Pin=J10-12
Added Pin To Net: NetName=B17 Pin=J14-2
Added Pin To Net: NetName=B17 Pin=R27-2
Added Net: Name=B17
Added Pin To Net: NetName=C0 Pin=J3-2
Added Pin To Net: NetName=C0 Pin=J10-15
Added Net: Name=C0
Added Pin To Net: NetName=C1 Pin=J10-16
Added Net: Name=C1
Added Pin To Net: NetName=C2 Pin=J10-18
Added Net: Name=C2
Added Pin To Net: NetName=C3 Pin=J10-20
Added Pin To Net: NetName=C3 Pin=R31-1
Added Net: Name=C3
Added Pin To Net: NetName=C4 Pin=J12-22
Added Pin To Net: NetName=C4 Pin=J14-3
Added Pin To Net: NetName=C4 Pin=R28-2
Added Net: Name=C4
Added Pin To Net: NetName=C5 Pin=J12-21
Added Pin To Net: NetName=C5 Pin=J14-1
Added Pin To Net: NetName=C5 Pin=R26-2
Added Net: Name=C5
Added Pin To Net: NetName=C6 Pin=J5-1
Added Pin To Net: NetName=C6 Pin=J12-20
Added Net: Name=C6
Added Pin To Net: NetName=C7 Pin=J5-2
Added Pin To Net: NetName=C7 Pin=J12-19
Added Net: Name=C7
Added Pin To Net: NetName=C8 Pin=J5-3
Added Pin To Net: NetName=C8 Pin=J12-18
Added Net: Name=C8
Added Pin To Net: NetName=C9 Pin=J5-4
Added Pin To Net: NetName=C9 Pin=J12-17
Added Net: Name=C9
Added Pin To Net: NetName=CCDB0 Pin=J10-2
Added Pin To Net: NetName=CCDB0 Pin=J16-1
Added Net: Name=CCDB0
Added Pin To Net: NetName=CCDB1 Pin=J10-4
Added Pin To Net: NetName=CCDB1 Pin=J16-2
Added Net: Name=CCDB1
Added Pin To Net: NetName=CCDB3 Pin=J10-6
Added Pin To Net: NetName=CCDB3 Pin=J16-3
Added Net: Name=CCDB3
Added Pin To Net: NetName=D4 Pin=J12-6
Added Pin To Net: NetName=D4 Pin=R23-1
Added Pin To Net: NetName=D4 Pin=S2-4
Added Net: Name=D4
Added Pin To Net: NetName=D5 Pin=J12-5
Added Pin To Net: NetName=D5 Pin=R22-1
Added Pin To Net: NetName=D5 Pin=S2-3
Added Net: Name=D5
Added Pin To Net: NetName=D6 Pin=J12-4
Added Pin To Net: NetName=D6 Pin=R20-1
Added Pin To Net: NetName=D6 Pin=S2-2
Added Net: Name=D6
Added Pin To Net: NetName=D7 Pin=J12-3
Added Pin To Net: NetName=D7 Pin=R17-1
Added Pin To Net: NetName=D7 Pin=S2-1
Added Net: Name=D7
Added Pin To Net: NetName=GGND Pin=C7-2
Added Pin To Net: NetName=GGND Pin=C8-2
Added Pin To Net: NetName=GGND Pin=C9-2
Added Pin To Net: NetName=GGND Pin=C10-1
Added Pin To Net: NetName=GGND Pin=C13-2
Added Pin To Net: NetName=GGND Pin=C14-1
Added Pin To Net: NetName=GGND Pin=D7-2
Added Pin To Net: NetName=GGND Pin=D8-2
Added Pin To Net: NetName=GGND Pin=J1-1
Added Pin To Net: NetName=GGND Pin=J4-2
Added Pin To Net: NetName=GGND Pin=J15-3
Added Pin To Net: NetName=GGND Pin=LM1-2
Added Pin To Net: NetName=GGND Pin=S3-1
Added Pin To Net: NetName=GGND Pin=U3-5
Added Pin To Net: NetName=GGND Pin=U6-5
Added Pin To Net: NetName=GGND Pin=U7-5
Added Net: Name=GGND
Added Pin To Net: NetName=GHGL Pin=J10-13
Added Pin To Net: NetName=GHGL Pin=J17-1
Added Pin To Net: NetName=GHGL Pin=R30-2
Added Net: Name=GHGL
Added Pin To Net: NetName=GHGR Pin=J10-14
Added Pin To Net: NetName=GHGR Pin=J13-1
Added Pin To Net: NetName=GHGR Pin=R25-2
Added Net: Name=GHGR
Added Pin To Net: NetName=GND Pin=C1-1
Added Pin To Net: NetName=GND Pin=C2-1
Added Pin To Net: NetName=GND Pin=C4-1
Added Pin To Net: NetName=GND Pin=C5-1
Added Pin To Net: NetName=GND Pin=C6-1
Added Pin To Net: NetName=GND Pin=C11-2
Added Pin To Net: NetName=GND Pin=C12-2
Added Pin To Net: NetName=GND Pin=C15-1
Added Pin To Net: NetName=GND Pin=C16-2
Added Pin To Net: NetName=GND Pin=C17-1
Added Pin To Net: NetName=GND Pin=D4-2
Added Pin To Net: NetName=GND Pin=D5-2
Added Pin To Net: NetName=GND Pin=D6-2
Added Pin To Net: NetName=GND Pin=J3-3
Added Pin To Net: NetName=GND Pin=J4-3
Added Pin To Net: NetName=GND Pin=J5-6
Added Pin To Net: NetName=GND Pin=J9-4
Added Pin To Net: NetName=GND Pin=J10-1
Added Pin To Net: NetName=GND Pin=J10-3
Added Pin To Net: NetName=GND Pin=J10-17
Added Pin To Net: NetName=GND Pin=J10-19
Added Pin To Net: NetName=GND Pin=J11-21
Added Pin To Net: NetName=GND Pin=J11-22
Added Pin To Net: NetName=GND Pin=J12-2
Added Pin To Net: NetName=GND Pin=J13-2
Added Pin To Net: NetName=GND Pin=J14-5
Added Pin To Net: NetName=GND Pin=J14-6
Added Pin To Net: NetName=GND Pin=J16-5
Added Pin To Net: NetName=GND Pin=J17-2
Added Pin To Net: NetName=GND Pin=L2-2
Added Pin To Net: NetName=GND Pin=Q1-3
Added Pin To Net: NetName=GND Pin=R6-2
Added Pin To Net: NetName=GND Pin=R7-2
Added Pin To Net: NetName=GND Pin=S2-5
Added Pin To Net: NetName=GND Pin=S2-6
Added Pin To Net: NetName=GND Pin=S2-7
Added Pin To Net: NetName=GND Pin=S2-8
Added Pin To Net: NetName=GND Pin=U1-2
Added Pin To Net: NetName=GND Pin=U2-1
Added Pin To Net: NetName=GND Pin=U2-3
Added Pin To Net: NetName=GND Pin=U2-6
Added Pin To Net: NetName=GND Pin=U4-3
Added Pin To Net: NetName=GND Pin=U4-3
Added Net: Name=GND
Added Pin To Net: NetName=LPWM1 Pin=J8-1
Added Pin To Net: NetName=LPWM1 Pin=R9-1
Added Pin To Net: NetName=LPWM1 Pin=U6-7
Added Net: Name=LPWM1
Added Pin To Net: NetName=LPWM2 Pin=J8-3
Added Pin To Net: NetName=LPWM2 Pin=R8-1
Added Pin To Net: NetName=LPWM2 Pin=U6-6
Added Net: Name=LPWM2
Added Pin To Net: NetName=motor L+ Pin=J12-10
Added Pin To Net: NetName=motor L+ Pin=R10-1
Added Net: Name=motor L+
Added Pin To Net: NetName=motor L- Pin=J12-9
Added Pin To Net: NetName=motor L- Pin=R11-1
Added Net: Name=motor L-
Added Pin To Net: NetName=motor R+ Pin=J12-8
Added Pin To Net: NetName=motor R+ Pin=R3-1
Added Net: Name=motor R+
Added Pin To Net: NetName=motor R- Pin=J12-7
Added Pin To Net: NetName=motor R- Pin=R4-1
Added Net: Name=motor R-
Added Pin To Net: NetName=NetC1_2 Pin=C1-2
Added Pin To Net: NetName=NetC1_2 Pin=D1-2
Added Pin To Net: NetName=NetC1_2 Pin=U1-1
Added Pin To Net: NetName=NetC1_2 Pin=U1-3
Added Net: Name=NetC1_2
Added Pin To Net: NetName=NetC3_1 Pin=C3-1
Added Pin To Net: NetName=NetC3_1 Pin=U2-2
Added Net: Name=NetC3_1
Added Pin To Net: NetName=NetC3_2 Pin=C3-2
Added Pin To Net: NetName=NetC3_2 Pin=U2-4
Added Net: Name=NetC3_2
Added Pin To Net: NetName=NetC8_1 Pin=C8-1
Added Pin To Net: NetName=NetC8_1 Pin=C9-1
Added Pin To Net: NetName=NetC8_1 Pin=D2-2
Added Pin To Net: NetName=NetC8_1 Pin=LM1-1
Added Net: Name=NetC8_1
Added Pin To Net: NetName=NetC12_1 Pin=C12-1
Added Pin To Net: NetName=NetC12_1 Pin=D3-2
Added Pin To Net: NetName=NetC12_1 Pin=U4-1
Added Pin To Net: NetName=NetC12_1 Pin=U4-2
Added Net: Name=NetC12_1
Added Pin To Net: NetName=NetD4_1 Pin=D4-1
Added Pin To Net: NetName=NetD4_1 Pin=R12-1
Added Net: Name=NetD4_1
Added Pin To Net: NetName=NetD5_1 Pin=D5-1
Added Pin To Net: NetName=NetD5_1 Pin=R13-1
Added Net: Name=NetD5_1
Added Pin To Net: NetName=NetD6_1 Pin=D6-1
Added Pin To Net: NetName=NetD6_1 Pin=R14-1
Added Net: Name=NetD6_1
Added Pin To Net: NetName=NetD7_1 Pin=D7-1
Added Pin To Net: NetName=NetD7_1 Pin=R15-1
Added Net: Name=NetD7_1
Added Pin To Net: NetName=NetD8_1 Pin=D8-1
Added Pin To Net: NetName=NetD8_1 Pin=R16-1
Added Net: Name=NetD8_1
Added Pin To Net: NetName=NetD9_1 Pin=D9-1
Added Pin To Net: NetName=NetD9_1 Pin=LS1-2
Added Pin To Net: NetName=NetD9_1 Pin=Q1-2
Added Net: Name=NetD9_1
Added Pin To Net: NetName=NetJ4_1 Pin=J4-1
Added Pin To Net: NetName=NetJ4_1 Pin=L1-2
Added Net: Name=NetJ4_1
Added Pin To Net: NetName=NetJ8_5 Pin=J8-5
Added Pin To Net: NetName=NetJ8_5 Pin=J8-6
Added Pin To Net: NetName=NetJ8_5 Pin=S3-2
Added Net: Name=NetJ8_5
Added Pin To Net: NetName=NetQ1_1 Pin=Q1-1
Added Pin To Net: NetName=NetQ1_1 Pin=R31-2
Added Net: Name=NetQ1_1
Added Pin To Net: NetName=NetR3_2 Pin=R3-2
Added Pin To Net: NetName=NetR3_2 Pin=U3-2
Added Net: Name=NetR3_2
Added Pin To Net: NetName=NetR4_2 Pin=R4-2
Added Pin To Net: NetName=NetR4_2 Pin=U3-3
Added Net: Name=NetR4_2
Added Pin To Net: NetName=NetR5_2 Pin=R5-2
Added Pin To Net: NetName=NetR5_2 Pin=R7-1
Added Pin To Net: NetName=NetR5_2 Pin=U4-5
Added Net: Name=NetR5_2
Added Pin To Net: NetName=NetR10_2 Pin=R10-2
Added Pin To Net: NetName=NetR10_2 Pin=U6-2
Added Net: Name=NetR10_2
Added Pin To Net: NetName=NetR11_2 Pin=R11-2
Added Pin To Net: NetName=NetR11_2 Pin=U6-3
Added Net: Name=NetR11_2
Added Pin To Net: NetName=NetR18_1 Pin=R18-1
Added Pin To Net: NetName=NetR18_1 Pin=U7-6
Added Net: Name=NetR18_1
Added Pin To Net: NetName=NetR21_2 Pin=R21-2
Added Pin To Net: NetName=NetR21_2 Pin=U7-2
Added Net: Name=NetR21_2
Added Pin To Net: NetName=NetR24_2 Pin=R24-2
Added Pin To Net: NetName=NetR24_2 Pin=U7-3
Added Net: Name=NetR24_2
Added Pin To Net: NetName=PWM5 Pin=J11-16
Added Pin To Net: NetName=PWM5 Pin=R21-1
Added Net: Name=PWM5
Added Pin To Net: NetName=RPWM1 Pin=J8-2
Added Pin To Net: NetName=RPWM1 Pin=R2-1
Added Pin To Net: NetName=RPWM1 Pin=U3-7
Added Net: Name=RPWM1
Added Pin To Net: NetName=RPWM2 Pin=J8-4
Added Pin To Net: NetName=RPWM2 Pin=R1-1
Added Pin To Net: NetName=RPWM2 Pin=U3-6
Added Net: Name=RPWM2
Added Pin To Net: NetName=RX Pin=J9-3
Added Pin To Net: NetName=RX Pin=J11-11
Added Net: Name=RX
Added Pin To Net: NetName=SERVODUTY Pin=J15-1
Added Pin To Net: NetName=SERVODUTY Pin=R19-1
Added Pin To Net: NetName=SERVODUTY Pin=U7-7
Added Net: Name=SERVODUTY
Added Pin To Net: NetName=TX Pin=J9-2
Added Pin To Net: NetName=TX Pin=J11-9
Added Net: Name=TX
Added Pin To Net: NetName=V5 Pin=C10-2
Added Pin To Net: NetName=V5 Pin=C13-1
Added Pin To Net: NetName=V5 Pin=C14-2
Added Pin To Net: NetName=V5 Pin=L1-1
Added Pin To Net: NetName=V5 Pin=LM1-3
Added Pin To Net: NetName=V5 Pin=R1-2
Added Pin To Net: NetName=V5 Pin=R2-2
Added Pin To Net: NetName=V5 Pin=R8-2
Added Pin To Net: NetName=V5 Pin=R9-2
Added Pin To Net: NetName=V5 Pin=R16-2
Added Pin To Net: NetName=V5 Pin=R18-2
Added Pin To Net: NetName=V5 Pin=R19-2
Added Pin To Net: NetName=V5 Pin=U3-8
Added Pin To Net: NetName=V5 Pin=U6-8
Added Pin To Net: NetName=V5 Pin=U7-8
Added Net: Name=V5
Added Pin To Net: NetName=V6 Pin=C11-1
Added Pin To Net: NetName=V6 Pin=J15-2
Added Pin To Net: NetName=V6 Pin=R5-1
Added Pin To Net: NetName=V6 Pin=R6-1
Added Pin To Net: NetName=V6 Pin=R15-2
Added Pin To Net: NetName=V6 Pin=U4-4
Added Net: Name=V6
Added Pin To Net: NetName=VBAT+ Pin=J2-1
Added Pin To Net: NetName=VBAT+ Pin=S1-2
Added Net: Name=VBAT+
Added Pin To Net: NetName=VBAT Pin=C7-1
Added Pin To Net: NetName=VBAT Pin=D2-1
Added Pin To Net: NetName=VBAT Pin=D3-1
Added Pin To Net: NetName=VBAT Pin=S1-1
Added Net: Name=VBAT
Added Pin To Net: NetName=VCC3.3 Pin=C2-2
Added Pin To Net: NetName=VCC3.3 Pin=J3-1
Added Pin To Net: NetName=VCC3.3 Pin=J5-5
Added Pin To Net: NetName=VCC3.3 Pin=J9-1
Added Pin To Net: NetName=VCC3.3 Pin=J12-1
Added Pin To Net: NetName=VCC3.3 Pin=J16-4
Added Pin To Net: NetName=VCC3.3 Pin=R12-2
Added Pin To Net: NetName=VCC3.3 Pin=R17-2
Added Pin To Net: NetName=VCC3.3 Pin=R20-2
Added Pin To Net: NetName=VCC3.3 Pin=R22-2
Added Pin To Net: NetName=VCC3.3 Pin=R23-2
Added Pin To Net: NetName=VCC3.3 Pin=R25-1
Added Pin To Net: NetName=VCC3.3 Pin=R30-1
Added Pin To Net: NetName=VCC3.3 Pin=U1-5
Added Net: Name=VCC3.3
Added Pin To Net: NetName=VCC5 Pin=C4-2
Added Pin To Net: NetName=VCC5 Pin=C15-2
Added Pin To Net: NetName=VCC5 Pin=C16-1
Added Pin To Net: NetName=VCC5 Pin=C17-2
Added Pin To Net: NetName=VCC5 Pin=D1-1
Added Pin To Net: NetName=VCC5 Pin=D9-2
Added Pin To Net: NetName=VCC5 Pin=J4-4
Added Pin To Net: NetName=VCC5 Pin=J7-1
Added Pin To Net: NetName=VCC5 Pin=J7-2
Added Pin To Net: NetName=VCC5 Pin=J7-3
Added Pin To Net: NetName=VCC5 Pin=J7-4
Added Pin To Net: NetName=VCC5 Pin=J14-7
Added Pin To Net: NetName=VCC5 Pin=J14-8
Added Pin To Net: NetName=VCC5 Pin=LS1-1
Added Pin To Net: NetName=VCC5 Pin=R13-2
Added Pin To Net: NetName=VCC5 Pin=R26-1
Added Pin To Net: NetName=VCC5 Pin=R27-1
Added Pin To Net: NetName=VCC5 Pin=R28-1
Added Pin To Net: NetName=VCC5 Pin=R29-1
Added Pin To Net: NetName=VCC5 Pin=U2-8
Added Pin To Net: NetName=VCC5 Pin=U3-1
Added Pin To Net: NetName=VCC5 Pin=U3-4
Added Pin To Net: NetName=VCC5 Pin=U6-1
Added Pin To Net: NetName=VCC5 Pin=U6-4
Added Pin To Net: NetName=VCC5 Pin=U7-1
Added Pin To Net: NetName=VCC5 Pin=U7-4
Added Net: Name=VCC5
Added Pin To Net: NetName=VCC-5 Pin=C5-2
Added Pin To Net: NetName=VCC-5 Pin=C6-2
Added Pin To Net: NetName=VCC-5 Pin=J7-9
Added Pin To Net: NetName=VCC-5 Pin=J7-10
Added Pin To Net: NetName=VCC-5 Pin=J7-11
Added Pin To Net: NetName=VCC-5 Pin=J7-12
Added Pin To Net: NetName=VCC-5 Pin=R14-2
Added Pin To Net: NetName=VCC-5 Pin=U2-5
Added Net: Name=VCC-5
Added Class: Name=智能车主板
Added Room: Name=智能车主板
